<?xml version="1.0" encoding="UTF-8"?>
<!-- Generated by org.testng.reporters.JUnitXMLReporter -->
<testsuite ignored="0" hostname="IBM-7NRYGY3" failures="0" tests="3" name="IBM_Selenium_Testing" time="5.143" errors="0" timestamp="2024-02-06T10:05:55 IST">
  <testcase classname="TestActivity9" name="TestCase1" time="0.121"/>
  <testcase classname="TestActivity9" name="TestCase2" time="0.062"/>
  <testcase classname="TestActivity9" name="TestCase3" time="0.048"/>
</testsuite> <!-- IBM_Selenium_Testing -->
