<?xml version="1.0" encoding="UTF-8"?>
<testng-results ignored="0" total="3" passed="3" failed="0" skipped="0">
  <reporter-output>
  </reporter-output>
  <suite started-at="2024-02-06T10:05:50 IST" name="Default Suite" finished-at="2024-02-06T10:05:55 IST" duration-ms="5143">
    <groups>
    </groups>
    <test started-at="2024-02-06T10:05:50 IST" name="IBM_Selenium_Testing" finished-at="2024-02-06T10:05:55 IST" duration-ms="5143">
      <class name="TestActivity9">
        <test-method is-config="true" signature="setUp()[pri:0, instance:TestActivity9@5ccddd20]" started-at="2024-02-06T10:05:50 IST" name="setUp" finished-at="2024-02-06T10:05:54 IST" duration-ms="4116" status="PASS">
          <reporter-output>
          </reporter-output>
        </test-method> <!-- setUp -->
        <test-method signature="TestCase1()[pri:0, instance:TestActivity9@5ccddd20]" started-at="2024-02-06T10:05:54 IST" name="TestCase1" finished-at="2024-02-06T10:05:54 IST" duration-ms="121" status="PASS">
          <reporter-output>
          </reporter-output>
        </test-method> <!-- TestCase1 -->
        <test-method signature="TestCase2()[pri:0, instance:TestActivity9@5ccddd20]" started-at="2024-02-06T10:05:54 IST" name="TestCase2" finished-at="2024-02-06T10:05:54 IST" duration-ms="62" status="PASS">
          <reporter-output>
          </reporter-output>
        </test-method> <!-- TestCase2 -->
        <test-method signature="TestCase3()[pri:0, instance:TestActivity9@5ccddd20]" started-at="2024-02-06T10:05:54 IST" name="TestCase3" finished-at="2024-02-06T10:05:54 IST" duration-ms="48" status="PASS">
          <reporter-output>
          </reporter-output>
        </test-method> <!-- TestCase3 -->
        <test-method is-config="true" signature="afterMethod()[pri:0, instance:TestActivity9@5ccddd20]" started-at="2024-02-06T10:05:54 IST" name="afterMethod" finished-at="2024-02-06T10:05:55 IST" duration-ms="758" status="PASS">
          <reporter-output>
          </reporter-output>
        </test-method> <!-- afterMethod -->
      </class> <!-- TestActivity9 -->
    </test> <!-- IBM_Selenium_Testing -->
  </suite> <!-- Default Suite -->
</testng-results>
